2023-12-19 00:12:955 INFO  HomePage :28 - Clicking on login link : [[ChromeDriver: chrome on windows (4f888cd3d4b2dcd50c747bb48187fa3a)] -> link text: Log in]
2023-12-19 00:12:986 INFO  HomePage :28 - Clicking on login link : [[ChromeDriver: chrome on windows (bb1907878b0145962eb117b9f6ff953d)] -> link text: Log in]
2023-12-19 00:12:477 INFO  HomePage :28 - Clicking on login link : [[ChromeDriver: chrome on windows (67febbca2d30a8fd373707bff1eeaa2d)] -> link text: Log in]
2023-12-19 00:12:600 INFO  HomePage :32 - Clicking on register link : [[ChromeDriver: chrome on windows (3b0cb5ce3b82c3b6a96092b8394e8d36)] -> link text: Register]
2023-12-19 00:12:155 INFO  HomePage :32 - Clicking on register link : [[ChromeDriver: chrome on windows (efc3ddefb89f87830614abb4d996830d)] -> link text: Register]
2023-12-19 00:12:221 INFO  RegisterPage :133 - Click On register : [[ChromeDriver: chrome on windows (efc3ddefb89f87830614abb4d996830d)] -> id: register-button]
2023-12-19 00:12:239 INFO  RegisterPage :142 - Get first name error text[[ChromeDriver: chrome on windows (efc3ddefb89f87830614abb4d996830d)] -> xpath: //span[@id='FirstName-error']]
2023-12-19 00:12:265 INFO  RegisterPage :146 - Get last name error text[[ChromeDriver: chrome on windows (efc3ddefb89f87830614abb4d996830d)] -> xpath: //span[@id='LastName-error']]
2023-12-19 00:12:284 INFO  RegisterPage :151 - Get email error text[[ChromeDriver: chrome on windows (efc3ddefb89f87830614abb4d996830d)] -> xpath: //span[@data-valmsg-for='Email']]
2023-12-19 00:12:300 INFO  RegisterPage :156 - Get password error text[[ChromeDriver: chrome on windows (efc3ddefb89f87830614abb4d996830d)] -> xpath: //span[@id='Password-error']]
2023-12-19 00:12:317 INFO  RegisterPage :161 - Get confirm password error text[[ChromeDriver: chrome on windows (efc3ddefb89f87830614abb4d996830d)] -> xpath: //span[@id='ConfirmPassword-error']]
2023-12-19 00:12:722 INFO  HomePage :32 - Clicking on register link : [[ChromeDriver: chrome on windows (79b0927832d11c7871a0ad771db2b2de)] -> link text: Register]
2023-12-19 00:12:748 INFO  RegisterPage :101 - Enter FirstName : [[ChromeDriver: chrome on windows (79b0927832d11c7871a0ad771db2b2de)] -> id: FirstName]
2023-12-19 00:12:802 INFO  RegisterPage :106 - Enter LastName : [[ChromeDriver: chrome on windows (79b0927832d11c7871a0ad771db2b2de)] -> id: LastName]
2023-12-19 00:12:855 INFO  RegisterPage :173 - Select date[[ChromeDriver: chrome on windows (79b0927832d11c7871a0ad771db2b2de)] -> xpath: //select[@name='DateOfBirthDay']]
2023-12-19 00:12:933 INFO  RegisterPage :178 - Select month[[ChromeDriver: chrome on windows (79b0927832d11c7871a0ad771db2b2de)] -> xpath: //select[@name='DateOfBirthMonth']]
2023-12-19 00:12:993 INFO  RegisterPage :183 - Select year[[ChromeDriver: chrome on windows (79b0927832d11c7871a0ad771db2b2de)] -> xpath: //select[@name='DateOfBirthYear']]
2023-12-19 00:12:81 INFO  RegisterPage :112 - Enter EmailField : [[ChromeDriver: chrome on windows (79b0927832d11c7871a0ad771db2b2de)] -> name: Email]
2023-12-19 00:12:124 INFO  RegisterPage :119 - Enter PassWordField : [[ChromeDriver: chrome on windows (79b0927832d11c7871a0ad771db2b2de)] -> name: Password]
2023-12-19 00:12:169 INFO  RegisterPage :124 - Enter ConfirmPassWordField : [[ChromeDriver: chrome on windows (79b0927832d11c7871a0ad771db2b2de)] -> id: ConfirmPassword]
2023-12-19 00:12:937 INFO  RegisterPage :133 - Click On register : [[ChromeDriver: chrome on windows (79b0927832d11c7871a0ad771db2b2de)] -> id: register-button]
2023-12-19 00:12:951 INFO  RegisterPage :137 - Get registration Message : [[ChromeDriver: chrome on windows (79b0927832d11c7871a0ad771db2b2de)] -> xpath: //div[contains(text(),'Your registration completed')]]
2023-12-19 00:12:188 INFO  HomePage :32 - Clicking on register link : [[ChromeDriver: chrome on windows (3956fc0961e3177ba55365daeeec02b5)] -> link text: Register]
2023-12-19 00:12:762 INFO  HomePage :32 - Clicking on register link : [[ChromeDriver: chrome on windows (60d953aedc50120c104b9d36bfe2426c)] -> link text: Register]
2023-12-19 00:12:840 INFO  RegisterPage :133 - Click On register : [[ChromeDriver: chrome on windows (60d953aedc50120c104b9d36bfe2426c)] -> id: register-button]
2023-12-19 00:12:858 INFO  RegisterPage :142 - Get first name error text[[ChromeDriver: chrome on windows (60d953aedc50120c104b9d36bfe2426c)] -> xpath: //span[@id='FirstName-error']]
2023-12-19 00:12:885 INFO  RegisterPage :146 - Get last name error text[[ChromeDriver: chrome on windows (60d953aedc50120c104b9d36bfe2426c)] -> xpath: //span[@id='LastName-error']]
2023-12-19 00:12:902 INFO  RegisterPage :151 - Get email error text[[ChromeDriver: chrome on windows (60d953aedc50120c104b9d36bfe2426c)] -> xpath: //span[@data-valmsg-for='Email']]
2023-12-19 00:12:921 INFO  RegisterPage :156 - Get password error text[[ChromeDriver: chrome on windows (60d953aedc50120c104b9d36bfe2426c)] -> xpath: //span[@id='Password-error']]
2023-12-19 00:12:938 INFO  RegisterPage :161 - Get confirm password error text[[ChromeDriver: chrome on windows (60d953aedc50120c104b9d36bfe2426c)] -> xpath: //span[@id='ConfirmPassword-error']]
2023-12-19 00:12:249 INFO  HomePage :32 - Clicking on register link : [[ChromeDriver: chrome on windows (7acf469999e1799af91a08e6bc189550)] -> link text: Register]
2023-12-19 00:12:277 INFO  RegisterPage :101 - Enter FirstName : [[ChromeDriver: chrome on windows (7acf469999e1799af91a08e6bc189550)] -> id: FirstName]
2023-12-19 00:12:331 INFO  RegisterPage :106 - Enter LastName : [[ChromeDriver: chrome on windows (7acf469999e1799af91a08e6bc189550)] -> id: LastName]
2023-12-19 00:12:381 INFO  RegisterPage :173 - Select date[[ChromeDriver: chrome on windows (7acf469999e1799af91a08e6bc189550)] -> xpath: //select[@name='DateOfBirthDay']]
2023-12-19 00:12:466 INFO  RegisterPage :178 - Select month[[ChromeDriver: chrome on windows (7acf469999e1799af91a08e6bc189550)] -> xpath: //select[@name='DateOfBirthMonth']]
2023-12-19 00:12:527 INFO  RegisterPage :183 - Select year[[ChromeDriver: chrome on windows (7acf469999e1799af91a08e6bc189550)] -> xpath: //select[@name='DateOfBirthYear']]
2023-12-19 00:12:633 INFO  RegisterPage :112 - Enter EmailField : [[ChromeDriver: chrome on windows (7acf469999e1799af91a08e6bc189550)] -> name: Email]
2023-12-19 00:12:674 INFO  RegisterPage :119 - Enter PassWordField : [[ChromeDriver: chrome on windows (7acf469999e1799af91a08e6bc189550)] -> name: Password]
2023-12-19 00:12:719 INFO  RegisterPage :124 - Enter ConfirmPassWordField : [[ChromeDriver: chrome on windows (7acf469999e1799af91a08e6bc189550)] -> id: ConfirmPassword]
2023-12-19 00:12:02 INFO  RegisterPage :133 - Click On register : [[ChromeDriver: chrome on windows (7acf469999e1799af91a08e6bc189550)] -> id: register-button]
2023-12-19 00:12:88 INFO  RegisterPage :137 - Get registration Message : Proxy element for: DefaultElementLocator 'By.xpath: //div[contains(text(),'Your registration completed')]'
2023-12-19 00:12:583 INFO  HomePage :28 - Clicking on login link : [[ChromeDriver: chrome on windows (0d5d6edeb9109be0acf70024f4c88d29)] -> link text: Log in]
2023-12-19 00:12:653 INFO  HomePage :28 - Clicking on login link : [[ChromeDriver: chrome on windows (f51e449074bf58ea02ada35017b52e17)] -> link text: Log in]
2023-12-19 00:12:371 INFO  HomePage :28 - Clicking on login link : [[ChromeDriver: chrome on windows (dad1e36788de32992cbdc921520d7bba)] -> link text: Log in]
